[INFO] Sun, 07 Feb 2021 15:04:04 __init__.py[line:39] item.name: test_add_int[normal]
[INFO] Sun, 07 Feb 2021 15:04:04 __init__.py[line:40] item._nodeid: testcases/test_calculator.py::TestCalc::test_add_int[normal]
[INFO] Sun, 07 Feb 2021 15:04:04 __init__.py[line:39] item.name: test_add_int[bigNum]
[INFO] Sun, 07 Feb 2021 15:04:04 __init__.py[line:40] item._nodeid: testcases/test_calculator.py::TestCalc::test_add_int[bigNum]
[INFO] Sun, 07 Feb 2021 15:04:04 __init__.py[line:39] item.name: test_add_int[zero]
[INFO] Sun, 07 Feb 2021 15:04:04 __init__.py[line:40] item._nodeid: testcases/test_calculator.py::TestCalc::test_add_int[zero]
[INFO] Sun, 07 Feb 2021 15:04:04 __init__.py[line:39] item.name: test_add_int[minus]
[INFO] Sun, 07 Feb 2021 15:04:04 __init__.py[line:40] item._nodeid: testcases/test_calculator.py::TestCalc::test_add_int[minus]
[INFO] Sun, 07 Feb 2021 15:04:04 __init__.py[line:39] item.name: test_add_float[正常]
[INFO] Sun, 07 Feb 2021 15:04:04 __init__.py[line:40] item._nodeid: testcases/test_calculator.py::TestCalc::test_add_float[正常]
[INFO] Sun, 07 Feb 2021 15:04:04 __init__.py[line:39] item.name: test_add_float[多位数字]
[INFO] Sun, 07 Feb 2021 15:04:04 __init__.py[line:40] item._nodeid: testcases/test_calculator.py::TestCalc::test_add_float[多位数字]
[INFO] Sun, 07 Feb 2021 15:04:04 __init__.py[line:39] item.name: test_add_float[负数]
[INFO] Sun, 07 Feb 2021 15:04:04 __init__.py[line:40] item._nodeid: testcases/test_calculator.py::TestCalc::test_add_float[负数]
[INFO] Sun, 07 Feb 2021 15:04:04 __init__.py[line:39] item.name: test_div_int_normal[int]
[INFO] Sun, 07 Feb 2021 15:04:04 __init__.py[line:40] item._nodeid: testcases/test_calculator.py::TestCalc::test_div_int_normal[int]
[INFO] Sun, 07 Feb 2021 15:04:04 __init__.py[line:39] item.name: test_div_int_normal[bigNum]
[INFO] Sun, 07 Feb 2021 15:04:04 __init__.py[line:40] item._nodeid: testcases/test_calculator.py::TestCalc::test_div_int_normal[bigNum]
[INFO] Sun, 07 Feb 2021 15:04:04 __init__.py[line:39] item.name: test_div_int_normal[zero]
[INFO] Sun, 07 Feb 2021 15:04:04 __init__.py[line:40] item._nodeid: testcases/test_calculator.py::TestCalc::test_div_int_normal[zero]
[INFO] Sun, 07 Feb 2021 15:04:04 __init__.py[line:39] item.name: test_div_int_normal[float]
[INFO] Sun, 07 Feb 2021 15:04:04 __init__.py[line:40] item._nodeid: testcases/test_calculator.py::TestCalc::test_div_int_normal[float]
[INFO] Sun, 07 Feb 2021 15:04:04 __init__.py[line:39] item.name: test_div_int_normal[minus]
[INFO] Sun, 07 Feb 2021 15:04:04 __init__.py[line:40] item._nodeid: testcases/test_calculator.py::TestCalc::test_div_int_normal[minus]
[INFO] Sun, 07 Feb 2021 15:04:04 __init__.py[line:39] item.name: test_div_int_zero[int]
[INFO] Sun, 07 Feb 2021 15:04:04 __init__.py[line:40] item._nodeid: testcases/test_calculator.py::TestCalc::test_div_int_zero[int]
[INFO] Sun, 07 Feb 2021 15:04:04 __init__.py[line:39] item.name: test_div_int_zero[bigNum]
[INFO] Sun, 07 Feb 2021 15:04:04 __init__.py[line:40] item._nodeid: testcases/test_calculator.py::TestCalc::test_div_int_zero[bigNum]
[INFO] Sun, 07 Feb 2021 15:04:04 __init__.py[line:39] item.name: test_div_int_zero[zero]
[INFO] Sun, 07 Feb 2021 15:04:04 __init__.py[line:40] item._nodeid: testcases/test_calculator.py::TestCalc::test_div_int_zero[zero]
[INFO] Sun, 07 Feb 2021 15:04:04 __init__.py[line:39] item.name: test_div_int_zero[float]
[INFO] Sun, 07 Feb 2021 15:04:04 __init__.py[line:40] item._nodeid: testcases/test_calculator.py::TestCalc::test_div_int_zero[float]
[INFO] Sun, 07 Feb 2021 15:04:04 __init__.py[line:39] item.name: test_div_int_zero[minus]
[INFO] Sun, 07 Feb 2021 15:04:04 __init__.py[line:40] item._nodeid: testcases/test_calculator.py::TestCalc::test_div_int_zero[minus]
[INFO] Sun, 07 Feb 2021 15:04:04 Calculator.py[line:14] This case is to test 1 + 1
[INFO] Sun, 07 Feb 2021 15:04:04 Calculator.py[line:14] This case is to test 100000000 + 200000000
[INFO] Sun, 07 Feb 2021 15:04:04 Calculator.py[line:14] This case is to test 0 + 0
[INFO] Sun, 07 Feb 2021 15:04:04 Calculator.py[line:14] This case is to test -1 + 0
[INFO] Sun, 07 Feb 2021 15:04:04 Calculator.py[line:14] This case is to test 0.001 + 0.002
[INFO] Sun, 07 Feb 2021 15:04:04 Calculator.py[line:14] This case is to test 4e-05 + 9e-05
[INFO] Sun, 07 Feb 2021 15:04:04 Calculator.py[line:14] This case is to test -0.003 + 0.001
[INFO] Sun, 07 Feb 2021 15:04:04 Calculator.py[line:18] This case is to test 1 / 1
[INFO] Sun, 07 Feb 2021 15:04:04 Calculator.py[line:18] This case is to test 1000000 / 200
[INFO] Sun, 07 Feb 2021 15:04:04 Calculator.py[line:18] This case is to test 0 / 1
[INFO] Sun, 07 Feb 2021 15:04:04 Calculator.py[line:18] This case is to test 0.06 / 2
[INFO] Sun, 07 Feb 2021 15:04:04 Calculator.py[line:18] This case is to test -6 / 2
[INFO] Sun, 07 Feb 2021 15:04:04 Calculator.py[line:18] This case is to test 1 / 0
[INFO] Sun, 07 Feb 2021 15:04:04 Calculator.py[line:18] This case is to test 1000000 / 0
[INFO] Sun, 07 Feb 2021 15:04:04 Calculator.py[line:18] This case is to test 0 / 0
[INFO] Sun, 07 Feb 2021 15:04:04 Calculator.py[line:18] This case is to test 0.06 / 0
[INFO] Sun, 07 Feb 2021 15:04:04 Calculator.py[line:18] This case is to test -6 / 0
